   0  $accept : %entry% $end

   1  program : stmt_list T_EOF

   2  stmt_list :
   3            | stmt_list letdef
   4            | stmt_list typedef

   5  letdef : T_LET recz def anddef

   6  recz :
   7       | T_REC

   8  anddef :
   9         | anddef T_ANDDEF def

  10  def : T_ID parstar colon T_SEQ expr
  11      | T_MUTABLE T_ID arrayz colon

  12  colon :
  13        | T_COLON typez

  14  arrayz :
  15         | T_LBRACK expr coma T_RBRACK

  16  coma :
  17       | coma T_COMA expr

  18  typedef : T_TYPE tdef andtdef

  19  andtdef :
  20          | andtdef T_ANDDEF tdef

  21  tdef : T_ID T_SEQ constr barconstr

  22  barconstr :
  23            | barconstr T_BAR constr

  24  constr : T_ID oftype

  25  oftype :
  26         | T_OF typepl

  27  typepl : typez
  28         | typepl typez

  29  parstar :
  30          | parstar par

  31  par : T_ID
  32      | T_LPAR T_ID T_COLON typez T_RPAR

  33  typez : T_UNIT
  34        | T_INT
  35        | T_CHAR
  36        | T_BOOL
  37        | T_FLOAT
  38        | T_LPAR typez T_RPAR
  39        | typez T_GIVES typez
  40        | typez T_REF
  41        | T_ARRAY T_LBRACK T_TIMES arrbrack T_RBRACK T_OF typez
  42        | T_ID

  43  arrbrack :
  44           | arrbrack T_COMA T_TIMES

  45  expr : T_INT
  46       | T_FLOAT
  47       | T_CHAR
  48       | T_STRING
  49       | T_TRUE
  50       | T_FALSE
  51       | T_LPAR T_RPAR
  52       | T_LPAR expr T_RPAR
  53       | unop expr
  54       | expr binop expr
  55       | T_CID exprstar
  56       | T_ID exprstar
  57       | T_ID T_LBRACK expr comaexpr T_RBRACK
  58       | T_DIM T_INT T_ID
  59       | T_NEW typez
  60       | T_DELETE expr
  61       | letdef T_IN expr
  62       | T_BEGIN expr T_END
  63       | T_IF expr T_THEN expr elsexpr
  64       | T_WHILE expr T_DO expr T_DONE
  65       | T_MATCH expr T_WITH clause barclause T_END

  66  elsexpr :
  67          | T_ELSE expr

  68  exprstar :
  69           | exprstar expr

  70  comaexpr :
  71           | comaexpr T_COMA expr

  72  barclause :
  73            | barclause T_BAR clause

  74  unop : T_PLUS
  75       | T_MINUS
  76       | T_FPLUS
  77       | T_FMINUS
  78       | T_BANK
  79       | T_NOT

  80  binop : T_PLUS
  81        | T_FPLUS
  82        | T_MINUS
  83        | T_FMINUS
  84        | T_TIMES
  85        | T_FTIMES
  86        | T_DIV
  87        | T_FDIV
  88        | T_MOD
  89        | T_POWER
  90        | T_SEQ
  91        | T_NSEQ
  92        | T_L
  93        | T_G
  94        | T_LE
  95        | T_GE
  96        | T_EQ
  97        | T_NEQ
  98        | T_AND
  99        | T_OR
 100        | T_SMCOLON
 101        | T_ASSIGN

 102  clause : pattern T_GIVES expr

 103  pattern : T_PLUS T_INT
 104          | T_MINUS T_INT
 105          | T_FPLUS T_FLOAT
 106          | T_FMINUS T_FLOAT
 107          | T_CHAR
 108          | T_TRUE
 109          | T_FALSE
 110          | T_ID
 111          | T_LPAR pattern T_RPAR
 112          | T_CID patternstar

 113  patternstar :
 114              | patternstar patternstar

 115  %entry% : '\001' program

state 0
	$accept : . %entry% $end  (0)

	'\001'  shift 1
	.  error

	%entry%  goto 2


state 1
	%entry% : '\001' . program  (115)
	stmt_list : .  (2)

	.  reduce 2

	program  goto 3
	stmt_list  goto 4


state 2
	$accept : %entry% . $end  (0)

	$end  accept


state 3
	%entry% : '\001' program .  (115)

	.  reduce 115


state 4
	program : stmt_list . T_EOF  (1)
	stmt_list : stmt_list . letdef  (3)
	stmt_list : stmt_list . typedef  (4)

	T_LET  shift 5
	T_TYPE  shift 6
	T_EOF  shift 7
	.  error

	letdef  goto 8
	typedef  goto 9


state 5
	letdef : T_LET . recz def anddef  (5)
	recz : .  (6)

	T_REC  shift 10
	T_MUTABLE  reduce 6
	T_ID  reduce 6

	recz  goto 11


state 6
	typedef : T_TYPE . tdef andtdef  (18)

	T_ID  shift 12
	.  error

	tdef  goto 13


state 7
	program : stmt_list T_EOF .  (1)

	.  reduce 1


state 8
	stmt_list : stmt_list letdef .  (3)

	.  reduce 3


state 9
	stmt_list : stmt_list typedef .  (4)

	.  reduce 4


state 10
	recz : T_REC .  (7)

	.  reduce 7


state 11
	letdef : T_LET recz . def anddef  (5)

	T_MUTABLE  shift 14
	T_ID  shift 15
	.  error

	def  goto 16


state 12
	tdef : T_ID . T_SEQ constr barconstr  (21)

	T_SEQ  shift 17
	.  error


state 13
	typedef : T_TYPE tdef . andtdef  (18)
	andtdef : .  (19)

	.  reduce 19

	andtdef  goto 18


state 14
	def : T_MUTABLE . T_ID arrayz colon  (11)

	T_ID  shift 19
	.  error


state 15
	def : T_ID . parstar colon T_SEQ expr  (10)
	parstar : .  (29)

	.  reduce 29

	parstar  goto 20


state 16
	letdef : T_LET recz def . anddef  (5)
	anddef : .  (8)

	.  reduce 8

	anddef  goto 21


state 17
	tdef : T_ID T_SEQ . constr barconstr  (21)

	T_ID  shift 22
	.  error

	constr  goto 23


state 18
	typedef : T_TYPE tdef andtdef .  (18)
	andtdef : andtdef . T_ANDDEF tdef  (20)

	T_ANDDEF  shift 24
	T_LET  reduce 18
	T_TYPE  reduce 18
	T_EOF  reduce 18


state 19
	def : T_MUTABLE T_ID . arrayz colon  (11)
	arrayz : .  (14)

	T_LBRACK  shift 25
	T_ANDDEF  reduce 14
	T_IN  reduce 14
	T_LET  reduce 14
	T_TYPE  reduce 14
	T_COLON  reduce 14
	T_EOF  reduce 14

	arrayz  goto 26


state 20
	def : T_ID parstar . colon T_SEQ expr  (10)
	parstar : parstar . par  (30)
	colon : .  (12)

	T_ID  shift 27
	T_LPAR  shift 28
	T_COLON  shift 29
	T_SEQ  reduce 12

	colon  goto 30
	par  goto 31


state 21
	letdef : T_LET recz def anddef .  (5)
	anddef : anddef . T_ANDDEF def  (9)

	T_ANDDEF  shift 32
	T_IN  reduce 5
	T_LET  reduce 5
	T_TYPE  reduce 5
	T_EOF  reduce 5


state 22
	constr : T_ID . oftype  (24)
	oftype : .  (25)

	T_OF  shift 33
	T_ANDDEF  reduce 25
	T_LET  reduce 25
	T_TYPE  reduce 25
	T_BAR  reduce 25
	T_EOF  reduce 25

	oftype  goto 34


state 23
	tdef : T_ID T_SEQ constr . barconstr  (21)
	barconstr : .  (22)

	.  reduce 22

	barconstr  goto 35


state 24
	andtdef : andtdef T_ANDDEF . tdef  (20)

	T_ID  shift 12
	.  error

	tdef  goto 36


state 25
	arrayz : T_LBRACK . expr coma T_RBRACK  (15)

	T_BEGIN  shift 37
	T_DELETE  shift 38
	T_DIM  shift 39
	T_IF  shift 40
	T_LET  shift 5
	T_MATCH  shift 41
	T_NEW  shift 42
	T_NOT  shift 43
	T_WHILE  shift 44
	T_ID  shift 45
	T_CID  shift 46
	T_FLOAT  shift 47
	T_INT  shift 48
	T_CHAR  shift 49
	T_STRING  shift 50
	T_FALSE  shift 51
	T_TRUE  shift 52
	T_PLUS  shift 53
	T_MINUS  shift 54
	T_FPLUS  shift 55
	T_FMINUS  shift 56
	T_BANK  shift 57
	T_LPAR  shift 58
	.  error

	letdef  goto 59
	expr  goto 60
	unop  goto 61


state 26
	def : T_MUTABLE T_ID arrayz . colon  (11)
	colon : .  (12)

	T_COLON  shift 29
	T_ANDDEF  reduce 12
	T_IN  reduce 12
	T_LET  reduce 12
	T_TYPE  reduce 12
	T_EOF  reduce 12

	colon  goto 62


state 27
	par : T_ID .  (31)

	.  reduce 31


state 28
	par : T_LPAR . T_ID T_COLON typez T_RPAR  (32)

	T_ID  shift 63
	.  error


state 29
	colon : T_COLON . typez  (13)

	T_ARRAY  shift 64
	T_ID  shift 65
	T_FLOAT  shift 66
	T_INT  shift 67
	T_CHAR  shift 68
	T_BOOL  shift 69
	T_UNIT  shift 70
	T_LPAR  shift 71
	.  error

	typez  goto 72


state 30
	def : T_ID parstar colon . T_SEQ expr  (10)

	T_SEQ  shift 73
	.  error


state 31
	parstar : parstar par .  (30)

	.  reduce 30


state 32
	anddef : anddef T_ANDDEF . def  (9)

	T_MUTABLE  shift 14
	T_ID  shift 15
	.  error

	def  goto 74


state 33
	oftype : T_OF . typepl  (26)

	T_ARRAY  shift 64
	T_ID  shift 65
	T_FLOAT  shift 66
	T_INT  shift 67
	T_CHAR  shift 68
	T_BOOL  shift 69
	T_UNIT  shift 70
	T_LPAR  shift 71
	.  error

	typez  goto 75
	typepl  goto 76


state 34
	constr : T_ID oftype .  (24)

	.  reduce 24


state 35
	tdef : T_ID T_SEQ constr barconstr .  (21)
	barconstr : barconstr . T_BAR constr  (23)

	T_BAR  shift 77
	T_ANDDEF  reduce 21
	T_LET  reduce 21
	T_TYPE  reduce 21
	T_EOF  reduce 21


state 36
	andtdef : andtdef T_ANDDEF tdef .  (20)

	.  reduce 20


state 37
	expr : T_BEGIN . expr T_END  (62)

	T_BEGIN  shift 37
	T_DELETE  shift 38
	T_DIM  shift 39
	T_IF  shift 40
	T_LET  shift 5
	T_MATCH  shift 41
	T_NEW  shift 42
	T_NOT  shift 43
	T_WHILE  shift 44
	T_ID  shift 45
	T_CID  shift 46
	T_FLOAT  shift 47
	T_INT  shift 48
	T_CHAR  shift 49
	T_STRING  shift 50
	T_FALSE  shift 51
	T_TRUE  shift 52
	T_PLUS  shift 53
	T_MINUS  shift 54
	T_FPLUS  shift 55
	T_FMINUS  shift 56
	T_BANK  shift 57
	T_LPAR  shift 58
	.  error

	letdef  goto 59
	expr  goto 78
	unop  goto 61


state 38
	expr : T_DELETE . expr  (60)

	T_BEGIN  shift 37
	T_DELETE  shift 38
	T_DIM  shift 39
	T_IF  shift 40
	T_LET  shift 5
	T_MATCH  shift 41
	T_NEW  shift 42
	T_NOT  shift 43
	T_WHILE  shift 44
	T_ID  shift 45
	T_CID  shift 46
	T_FLOAT  shift 47
	T_INT  shift 48
	T_CHAR  shift 49
	T_STRING  shift 50
	T_FALSE  shift 51
	T_TRUE  shift 52
	T_PLUS  shift 53
	T_MINUS  shift 54
	T_FPLUS  shift 55
	T_FMINUS  shift 56
	T_BANK  shift 57
	T_LPAR  shift 58
	.  error

	letdef  goto 59
	expr  goto 79
	unop  goto 61


state 39
	expr : T_DIM . T_INT T_ID  (58)

	T_INT  shift 80
	.  error


state 40
	expr : T_IF . expr T_THEN expr elsexpr  (63)

	T_BEGIN  shift 37
	T_DELETE  shift 38
	T_DIM  shift 39
	T_IF  shift 40
	T_LET  shift 5
	T_MATCH  shift 41
	T_NEW  shift 42
	T_NOT  shift 43
	T_WHILE  shift 44
	T_ID  shift 45
	T_CID  shift 46
	T_FLOAT  shift 47
	T_INT  shift 48
	T_CHAR  shift 49
	T_STRING  shift 50
	T_FALSE  shift 51
	T_TRUE  shift 52
	T_PLUS  shift 53
	T_MINUS  shift 54
	T_FPLUS  shift 55
	T_FMINUS  shift 56
	T_BANK  shift 57
	T_LPAR  shift 58
	.  error

	letdef  goto 59
	expr  goto 81
	unop  goto 61


state 41
	expr : T_MATCH . expr T_WITH clause barclause T_END  (65)

	T_BEGIN  shift 37
	T_DELETE  shift 38
	T_DIM  shift 39
	T_IF  shift 40
	T_LET  shift 5
	T_MATCH  shift 41
	T_NEW  shift 42
	T_NOT  shift 43
	T_WHILE  shift 44
	T_ID  shift 45
	T_CID  shift 46
	T_FLOAT  shift 47
	T_INT  shift 48
	T_CHAR  shift 49
	T_STRING  shift 50
	T_FALSE  shift 51
	T_TRUE  shift 52
	T_PLUS  shift 53
	T_MINUS  shift 54
	T_FPLUS  shift 55
	T_FMINUS  shift 56
	T_BANK  shift 57
	T_LPAR  shift 58
	.  error

	letdef  goto 59
	expr  goto 82
	unop  goto 61


state 42
	expr : T_NEW . typez  (59)

	T_ARRAY  shift 64
	T_ID  shift 65
	T_FLOAT  shift 66
	T_INT  shift 67
	T_CHAR  shift 68
	T_BOOL  shift 69
	T_UNIT  shift 70
	T_LPAR  shift 71
	.  error

	typez  goto 83


state 43
	unop : T_NOT .  (79)

	.  reduce 79


state 44
	expr : T_WHILE . expr T_DO expr T_DONE  (64)

	T_BEGIN  shift 37
	T_DELETE  shift 38
	T_DIM  shift 39
	T_IF  shift 40
	T_LET  shift 5
	T_MATCH  shift 41
	T_NEW  shift 42
	T_NOT  shift 43
	T_WHILE  shift 44
	T_ID  shift 45
	T_CID  shift 46
	T_FLOAT  shift 47
	T_INT  shift 48
	T_CHAR  shift 49
	T_STRING  shift 50
	T_FALSE  shift 51
	T_TRUE  shift 52
	T_PLUS  shift 53
	T_MINUS  shift 54
	T_FPLUS  shift 55
	T_FMINUS  shift 56
	T_BANK  shift 57
	T_LPAR  shift 58
	.  error

	letdef  goto 59
	expr  goto 84
	unop  goto 61


state 45
	expr : T_ID . exprstar  (56)
	expr : T_ID . T_LBRACK expr comaexpr T_RBRACK  (57)
	exprstar : .  (68)

	T_LBRACK  shift 85
	T_ANDDEF  reduce 68
	T_BEGIN  reduce 68
	T_DELETE  reduce 68
	T_DIM  reduce 68
	T_DO  reduce 68
	T_DONE  reduce 68
	T_ELSE  reduce 68
	T_END  reduce 68
	T_IF  reduce 68
	T_IN  reduce 68
	T_LET  reduce 68
	T_MATCH  reduce 68
	T_NEW  reduce 68
	T_NOT  reduce 68
	T_THEN  reduce 68
	T_TYPE  reduce 68
	T_WHILE  reduce 68
	T_WITH  reduce 68
	T_ID  reduce 68
	T_CID  reduce 68
	T_FLOAT  reduce 68
	T_INT  reduce 68
	T_CHAR  reduce 68
	T_STRING  reduce 68
	T_FALSE  reduce 68
	T_TRUE  reduce 68
	T_SEQ  reduce 68
	T_BAR  reduce 68
	T_PLUS  reduce 68
	T_MINUS  reduce 68
	T_TIMES  reduce 68
	T_DIV  reduce 68
	T_MOD  reduce 68
	T_FPLUS  reduce 68
	T_FMINUS  reduce 68
	T_FTIMES  reduce 68
	T_FDIV  reduce 68
	T_POWER  reduce 68
	T_BANK  reduce 68
	T_SMCOLON  reduce 68
	T_AND  reduce 68
	T_OR  reduce 68
	T_NSEQ  reduce 68
	T_L  reduce 68
	T_G  reduce 68
	T_LE  reduce 68
	T_GE  reduce 68
	T_EQ  reduce 68
	T_NEQ  reduce 68
	T_ASSIGN  reduce 68
	T_LPAR  reduce 68
	T_RPAR  reduce 68
	T_RBRACK  reduce 68
	T_COMA  reduce 68
	T_EOF  reduce 68

	exprstar  goto 86


state 46
	expr : T_CID . exprstar  (55)
	exprstar : .  (68)

	.  reduce 68

	exprstar  goto 87


state 47
	expr : T_FLOAT .  (46)

	.  reduce 46


state 48
	expr : T_INT .  (45)

	.  reduce 45


state 49
	expr : T_CHAR .  (47)

	.  reduce 47


state 50
	expr : T_STRING .  (48)

	.  reduce 48


state 51
	expr : T_FALSE .  (50)

	.  reduce 50


state 52
	expr : T_TRUE .  (49)

	.  reduce 49


state 53
	unop : T_PLUS .  (74)

	.  reduce 74


state 54
	unop : T_MINUS .  (75)

	.  reduce 75


state 55
	unop : T_FPLUS .  (76)

	.  reduce 76


state 56
	unop : T_FMINUS .  (77)

	.  reduce 77


state 57
	unop : T_BANK .  (78)

	.  reduce 78


state 58
	expr : T_LPAR . T_RPAR  (51)
	expr : T_LPAR . expr T_RPAR  (52)

	T_BEGIN  shift 37
	T_DELETE  shift 38
	T_DIM  shift 39
	T_IF  shift 40
	T_LET  shift 5
	T_MATCH  shift 41
	T_NEW  shift 42
	T_NOT  shift 43
	T_WHILE  shift 44
	T_ID  shift 45
	T_CID  shift 46
	T_FLOAT  shift 47
	T_INT  shift 48
	T_CHAR  shift 49
	T_STRING  shift 50
	T_FALSE  shift 51
	T_TRUE  shift 52
	T_PLUS  shift 53
	T_MINUS  shift 54
	T_FPLUS  shift 55
	T_FMINUS  shift 56
	T_BANK  shift 57
	T_LPAR  shift 58
	T_RPAR  shift 88
	.  error

	letdef  goto 59
	expr  goto 89
	unop  goto 61


state 59
	expr : letdef . T_IN expr  (61)

	T_IN  shift 90
	.  error


state 60
	arrayz : T_LBRACK expr . coma T_RBRACK  (15)
	expr : expr . binop expr  (54)
	coma : .  (16)

	T_SEQ  shift 91
	T_PLUS  shift 92
	T_MINUS  shift 93
	T_TIMES  shift 94
	T_DIV  shift 95
	T_MOD  shift 96
	T_FPLUS  shift 97
	T_FMINUS  shift 98
	T_FTIMES  shift 99
	T_FDIV  shift 100
	T_POWER  shift 101
	T_SMCOLON  shift 102
	T_AND  shift 103
	T_OR  shift 104
	T_NSEQ  shift 105
	T_L  shift 106
	T_G  shift 107
	T_LE  shift 108
	T_GE  shift 109
	T_EQ  shift 110
	T_NEQ  shift 111
	T_ASSIGN  shift 112
	T_RBRACK  reduce 16
	T_COMA  reduce 16

	coma  goto 113
	binop  goto 114


state 61
	expr : unop . expr  (53)

	T_BEGIN  shift 37
	T_DELETE  shift 38
	T_DIM  shift 39
	T_IF  shift 40
	T_LET  shift 5
	T_MATCH  shift 41
	T_NEW  shift 42
	T_NOT  shift 43
	T_WHILE  shift 44
	T_ID  shift 45
	T_CID  shift 46
	T_FLOAT  shift 47
	T_INT  shift 48
	T_CHAR  shift 49
	T_STRING  shift 50
	T_FALSE  shift 51
	T_TRUE  shift 52
	T_PLUS  shift 53
	T_MINUS  shift 54
	T_FPLUS  shift 55
	T_FMINUS  shift 56
	T_BANK  shift 57
	T_LPAR  shift 58
	.  error

	letdef  goto 59
	expr  goto 115
	unop  goto 61


state 62
	def : T_MUTABLE T_ID arrayz colon .  (11)

	.  reduce 11


state 63
	par : T_LPAR T_ID . T_COLON typez T_RPAR  (32)

	T_COLON  shift 116
	.  error


state 64
	typez : T_ARRAY . T_LBRACK T_TIMES arrbrack T_RBRACK T_OF typez  (41)

	T_LBRACK  shift 117
	.  error


state 65
	typez : T_ID .  (42)

	.  reduce 42


state 66
	typez : T_FLOAT .  (37)

	.  reduce 37


state 67
	typez : T_INT .  (34)

	.  reduce 34


state 68
	typez : T_CHAR .  (35)

	.  reduce 35


state 69
	typez : T_BOOL .  (36)

	.  reduce 36


state 70
	typez : T_UNIT .  (33)

	.  reduce 33


state 71
	typez : T_LPAR . typez T_RPAR  (38)

	T_ARRAY  shift 64
	T_ID  shift 65
	T_FLOAT  shift 66
	T_INT  shift 67
	T_CHAR  shift 68
	T_BOOL  shift 69
	T_UNIT  shift 70
	T_LPAR  shift 71
	.  error

	typez  goto 118


state 72
	colon : T_COLON typez .  (13)
	typez : typez . T_GIVES typez  (39)
	typez : typez . T_REF  (40)

	T_REF  shift 119
	T_GIVES  shift 120
	T_ANDDEF  reduce 13
	T_IN  reduce 13
	T_LET  reduce 13
	T_TYPE  reduce 13
	T_SEQ  reduce 13
	T_EOF  reduce 13


state 73
	def : T_ID parstar colon T_SEQ . expr  (10)

	T_BEGIN  shift 37
	T_DELETE  shift 38
	T_DIM  shift 39
	T_IF  shift 40
	T_LET  shift 5
	T_MATCH  shift 41
	T_NEW  shift 42
	T_NOT  shift 43
	T_WHILE  shift 44
	T_ID  shift 45
	T_CID  shift 46
	T_FLOAT  shift 47
	T_INT  shift 48
	T_CHAR  shift 49
	T_STRING  shift 50
	T_FALSE  shift 51
	T_TRUE  shift 52
	T_PLUS  shift 53
	T_MINUS  shift 54
	T_FPLUS  shift 55
	T_FMINUS  shift 56
	T_BANK  shift 57
	T_LPAR  shift 58
	.  error

	letdef  goto 59
	expr  goto 121
	unop  goto 61


state 74
	anddef : anddef T_ANDDEF def .  (9)

	.  reduce 9


state 75
	typepl : typez .  (27)
	typez : typez . T_GIVES typez  (39)
	typez : typez . T_REF  (40)

	T_REF  shift 119
	T_GIVES  shift 120
	T_ANDDEF  reduce 27
	T_ARRAY  reduce 27
	T_LET  reduce 27
	T_TYPE  reduce 27
	T_ID  reduce 27
	T_FLOAT  reduce 27
	T_INT  reduce 27
	T_CHAR  reduce 27
	T_BOOL  reduce 27
	T_UNIT  reduce 27
	T_BAR  reduce 27
	T_LPAR  reduce 27
	T_EOF  reduce 27


state 76
	oftype : T_OF typepl .  (26)
	typepl : typepl . typez  (28)

	T_ARRAY  shift 64
	T_ID  shift 65
	T_FLOAT  shift 66
	T_INT  shift 67
	T_CHAR  shift 68
	T_BOOL  shift 69
	T_UNIT  shift 70
	T_LPAR  shift 71
	T_ANDDEF  reduce 26
	T_LET  reduce 26
	T_TYPE  reduce 26
	T_BAR  reduce 26
	T_EOF  reduce 26

	typez  goto 122


state 77
	barconstr : barconstr T_BAR . constr  (23)

	T_ID  shift 22
	.  error

	constr  goto 123


state 78
	expr : expr . binop expr  (54)
	expr : T_BEGIN expr . T_END  (62)

	T_END  shift 124
	T_SEQ  shift 91
	T_PLUS  shift 92
	T_MINUS  shift 93
	T_TIMES  shift 94
	T_DIV  shift 95
	T_MOD  shift 96
	T_FPLUS  shift 97
	T_FMINUS  shift 98
	T_FTIMES  shift 99
	T_FDIV  shift 100
	T_POWER  shift 101
	T_SMCOLON  shift 102
	T_AND  shift 103
	T_OR  shift 104
	T_NSEQ  shift 105
	T_L  shift 106
	T_G  shift 107
	T_LE  shift 108
	T_GE  shift 109
	T_EQ  shift 110
	T_NEQ  shift 111
	T_ASSIGN  shift 112
	.  error

	binop  goto 114


79: shift/reduce conflict (shift 91, reduce 60) on T_SEQ
79: shift/reduce conflict (shift 92, reduce 60) on T_PLUS
79: shift/reduce conflict (shift 93, reduce 60) on T_MINUS
79: shift/reduce conflict (shift 94, reduce 60) on T_TIMES
79: shift/reduce conflict (shift 95, reduce 60) on T_DIV
79: shift/reduce conflict (shift 96, reduce 60) on T_MOD
79: shift/reduce conflict (shift 97, reduce 60) on T_FPLUS
79: shift/reduce conflict (shift 98, reduce 60) on T_FMINUS
79: shift/reduce conflict (shift 99, reduce 60) on T_FTIMES
79: shift/reduce conflict (shift 100, reduce 60) on T_FDIV
79: shift/reduce conflict (shift 101, reduce 60) on T_POWER
79: shift/reduce conflict (shift 102, reduce 60) on T_SMCOLON
79: shift/reduce conflict (shift 103, reduce 60) on T_AND
79: shift/reduce conflict (shift 104, reduce 60) on T_OR
79: shift/reduce conflict (shift 105, reduce 60) on T_NSEQ
79: shift/reduce conflict (shift 106, reduce 60) on T_L
79: shift/reduce conflict (shift 107, reduce 60) on T_G
79: shift/reduce conflict (shift 108, reduce 60) on T_LE
79: shift/reduce conflict (shift 109, reduce 60) on T_GE
79: shift/reduce conflict (shift 110, reduce 60) on T_EQ
79: shift/reduce conflict (shift 111, reduce 60) on T_NEQ
79: shift/reduce conflict (shift 112, reduce 60) on T_ASSIGN
state 79
	expr : expr . binop expr  (54)
	expr : T_DELETE expr .  (60)

	T_SEQ  shift 91
	T_PLUS  shift 92
	T_MINUS  shift 93
	T_TIMES  shift 94
	T_DIV  shift 95
	T_MOD  shift 96
	T_FPLUS  shift 97
	T_FMINUS  shift 98
	T_FTIMES  shift 99
	T_FDIV  shift 100
	T_POWER  shift 101
	T_SMCOLON  shift 102
	T_AND  shift 103
	T_OR  shift 104
	T_NSEQ  shift 105
	T_L  shift 106
	T_G  shift 107
	T_LE  shift 108
	T_GE  shift 109
	T_EQ  shift 110
	T_NEQ  shift 111
	T_ASSIGN  shift 112
	T_ANDDEF  reduce 60
	T_BEGIN  reduce 60
	T_DELETE  reduce 60
	T_DIM  reduce 60
	T_DO  reduce 60
	T_DONE  reduce 60
	T_ELSE  reduce 60
	T_END  reduce 60
	T_IF  reduce 60
	T_IN  reduce 60
	T_LET  reduce 60
	T_MATCH  reduce 60
	T_NEW  reduce 60
	T_NOT  reduce 60
	T_THEN  reduce 60
	T_TYPE  reduce 60
	T_WHILE  reduce 60
	T_WITH  reduce 60
	T_ID  reduce 60
	T_CID  reduce 60
	T_FLOAT  reduce 60
	T_INT  reduce 60
	T_CHAR  reduce 60
	T_STRING  reduce 60
	T_FALSE  reduce 60
	T_TRUE  reduce 60
	T_BAR  reduce 60
	T_BANK  reduce 60
	T_LPAR  reduce 60
	T_RPAR  reduce 60
	T_RBRACK  reduce 60
	T_COMA  reduce 60
	T_EOF  reduce 60

	binop  goto 114


state 80
	expr : T_DIM T_INT . T_ID  (58)

	T_ID  shift 125
	.  error


state 81
	expr : expr . binop expr  (54)
	expr : T_IF expr . T_THEN expr elsexpr  (63)

	T_THEN  shift 126
	T_SEQ  shift 91
	T_PLUS  shift 92
	T_MINUS  shift 93
	T_TIMES  shift 94
	T_DIV  shift 95
	T_MOD  shift 96
	T_FPLUS  shift 97
	T_FMINUS  shift 98
	T_FTIMES  shift 99
	T_FDIV  shift 100
	T_POWER  shift 101
	T_SMCOLON  shift 102
	T_AND  shift 103
	T_OR  shift 104
	T_NSEQ  shift 105
	T_L  shift 106
	T_G  shift 107
	T_LE  shift 108
	T_GE  shift 109
	T_EQ  shift 110
	T_NEQ  shift 111
	T_ASSIGN  shift 112
	.  error

	binop  goto 114


state 82
	expr : expr . binop expr  (54)
	expr : T_MATCH expr . T_WITH clause barclause T_END  (65)

	T_WITH  shift 127
	T_SEQ  shift 91
	T_PLUS  shift 92
	T_MINUS  shift 93
	T_TIMES  shift 94
	T_DIV  shift 95
	T_MOD  shift 96
	T_FPLUS  shift 97
	T_FMINUS  shift 98
	T_FTIMES  shift 99
	T_FDIV  shift 100
	T_POWER  shift 101
	T_SMCOLON  shift 102
	T_AND  shift 103
	T_OR  shift 104
	T_NSEQ  shift 105
	T_L  shift 106
	T_G  shift 107
	T_LE  shift 108
	T_GE  shift 109
	T_EQ  shift 110
	T_NEQ  shift 111
	T_ASSIGN  shift 112
	.  error

	binop  goto 114


state 83
	typez : typez . T_GIVES typez  (39)
	typez : typez . T_REF  (40)
	expr : T_NEW typez .  (59)

	T_REF  shift 119
	T_GIVES  shift 120
	T_ANDDEF  reduce 59
	T_BEGIN  reduce 59
	T_DELETE  reduce 59
	T_DIM  reduce 59
	T_DO  reduce 59
	T_DONE  reduce 59
	T_ELSE  reduce 59
	T_END  reduce 59
	T_IF  reduce 59
	T_IN  reduce 59
	T_LET  reduce 59
	T_MATCH  reduce 59
	T_NEW  reduce 59
	T_NOT  reduce 59
	T_THEN  reduce 59
	T_TYPE  reduce 59
	T_WHILE  reduce 59
	T_WITH  reduce 59
	T_ID  reduce 59
	T_CID  reduce 59
	T_FLOAT  reduce 59
	T_INT  reduce 59
	T_CHAR  reduce 59
	T_STRING  reduce 59
	T_FALSE  reduce 59
	T_TRUE  reduce 59
	T_SEQ  reduce 59
	T_BAR  reduce 59
	T_PLUS  reduce 59
	T_MINUS  reduce 59
	T_TIMES  reduce 59
	T_DIV  reduce 59
	T_MOD  reduce 59
	T_FPLUS  reduce 59
	T_FMINUS  reduce 59
	T_FTIMES  reduce 59
	T_FDIV  reduce 59
	T_POWER  reduce 59
	T_BANK  reduce 59
	T_SMCOLON  reduce 59
	T_AND  reduce 59
	T_OR  reduce 59
	T_NSEQ  reduce 59
	T_L  reduce 59
	T_G  reduce 59
	T_LE  reduce 59
	T_GE  reduce 59
	T_EQ  reduce 59
	T_NEQ  reduce 59
	T_ASSIGN  reduce 59
	T_LPAR  reduce 59
	T_RPAR  reduce 59
	T_RBRACK  reduce 59
	T_COMA  reduce 59
	T_EOF  reduce 59


state 84
	expr : expr . binop expr  (54)
	expr : T_WHILE expr . T_DO expr T_DONE  (64)

	T_DO  shift 128
	T_SEQ  shift 91
	T_PLUS  shift 92
	T_MINUS  shift 93
	T_TIMES  shift 94
	T_DIV  shift 95
	T_MOD  shift 96
	T_FPLUS  shift 97
	T_FMINUS  shift 98
	T_FTIMES  shift 99
	T_FDIV  shift 100
	T_POWER  shift 101
	T_SMCOLON  shift 102
	T_AND  shift 103
	T_OR  shift 104
	T_NSEQ  shift 105
	T_L  shift 106
	T_G  shift 107
	T_LE  shift 108
	T_GE  shift 109
	T_EQ  shift 110
	T_NEQ  shift 111
	T_ASSIGN  shift 112
	.  error

	binop  goto 114


state 85
	expr : T_ID T_LBRACK . expr comaexpr T_RBRACK  (57)

	T_BEGIN  shift 37
	T_DELETE  shift 38
	T_DIM  shift 39
	T_IF  shift 40
	T_LET  shift 5
	T_MATCH  shift 41
	T_NEW  shift 42
	T_NOT  shift 43
	T_WHILE  shift 44
	T_ID  shift 45
	T_CID  shift 46
	T_FLOAT  shift 47
	T_INT  shift 48
	T_CHAR  shift 49
	T_STRING  shift 50
	T_FALSE  shift 51
	T_TRUE  shift 52
	T_PLUS  shift 53
	T_MINUS  shift 54
	T_FPLUS  shift 55
	T_FMINUS  shift 56
	T_BANK  shift 57
	T_LPAR  shift 58
	.  error

	letdef  goto 59
	expr  goto 129
	unop  goto 61


86: shift/reduce conflict (shift 37, reduce 56) on T_BEGIN
86: shift/reduce conflict (shift 38, reduce 56) on T_DELETE
86: shift/reduce conflict (shift 39, reduce 56) on T_DIM
86: shift/reduce conflict (shift 40, reduce 56) on T_IF
86: shift/reduce conflict (shift 5, reduce 56) on T_LET
86: shift/reduce conflict (shift 41, reduce 56) on T_MATCH
86: shift/reduce conflict (shift 42, reduce 56) on T_NEW
86: shift/reduce conflict (shift 43, reduce 56) on T_NOT
86: shift/reduce conflict (shift 44, reduce 56) on T_WHILE
86: shift/reduce conflict (shift 45, reduce 56) on T_ID
86: shift/reduce conflict (shift 46, reduce 56) on T_CID
86: shift/reduce conflict (shift 47, reduce 56) on T_FLOAT
86: shift/reduce conflict (shift 48, reduce 56) on T_INT
86: shift/reduce conflict (shift 49, reduce 56) on T_CHAR
86: shift/reduce conflict (shift 50, reduce 56) on T_STRING
86: shift/reduce conflict (shift 51, reduce 56) on T_FALSE
86: shift/reduce conflict (shift 52, reduce 56) on T_TRUE
86: shift/reduce conflict (shift 53, reduce 56) on T_PLUS
86: shift/reduce conflict (shift 54, reduce 56) on T_MINUS
86: shift/reduce conflict (shift 55, reduce 56) on T_FPLUS
86: shift/reduce conflict (shift 56, reduce 56) on T_FMINUS
86: shift/reduce conflict (shift 57, reduce 56) on T_BANK
86: shift/reduce conflict (shift 58, reduce 56) on T_LPAR
state 86
	expr : T_ID exprstar .  (56)
	exprstar : exprstar . expr  (69)

	T_BEGIN  shift 37
	T_DELETE  shift 38
	T_DIM  shift 39
	T_IF  shift 40
	T_LET  shift 5
	T_MATCH  shift 41
	T_NEW  shift 42
	T_NOT  shift 43
	T_WHILE  shift 44
	T_ID  shift 45
	T_CID  shift 46
	T_FLOAT  shift 47
	T_INT  shift 48
	T_CHAR  shift 49
	T_STRING  shift 50
	T_FALSE  shift 51
	T_TRUE  shift 52
	T_PLUS  shift 53
	T_MINUS  shift 54
	T_FPLUS  shift 55
	T_FMINUS  shift 56
	T_BANK  shift 57
	T_LPAR  shift 58
	T_ANDDEF  reduce 56
	T_DO  reduce 56
	T_DONE  reduce 56
	T_ELSE  reduce 56
	T_END  reduce 56
	T_IN  reduce 56
	T_THEN  reduce 56
	T_TYPE  reduce 56
	T_WITH  reduce 56
	T_SEQ  reduce 56
	T_BAR  reduce 56
	T_TIMES  reduce 56
	T_DIV  reduce 56
	T_MOD  reduce 56
	T_FTIMES  reduce 56
	T_FDIV  reduce 56
	T_POWER  reduce 56
	T_SMCOLON  reduce 56
	T_AND  reduce 56
	T_OR  reduce 56
	T_NSEQ  reduce 56
	T_L  reduce 56
	T_G  reduce 56
	T_LE  reduce 56
	T_GE  reduce 56
	T_EQ  reduce 56
	T_NEQ  reduce 56
	T_ASSIGN  reduce 56
	T_RPAR  reduce 56
	T_RBRACK  reduce 56
	T_COMA  reduce 56
	T_EOF  reduce 56

	letdef  goto 59
	expr  goto 130
	unop  goto 61


87: shift/reduce conflict (shift 37, reduce 55) on T_BEGIN
87: shift/reduce conflict (shift 38, reduce 55) on T_DELETE
87: shift/reduce conflict (shift 39, reduce 55) on T_DIM
87: shift/reduce conflict (shift 40, reduce 55) on T_IF
87: shift/reduce conflict (shift 5, reduce 55) on T_LET
87: shift/reduce conflict (shift 41, reduce 55) on T_MATCH
87: shift/reduce conflict (shift 42, reduce 55) on T_NEW
87: shift/reduce conflict (shift 43, reduce 55) on T_NOT
87: shift/reduce conflict (shift 44, reduce 55) on T_WHILE
87: shift/reduce conflict (shift 45, reduce 55) on T_ID
87: shift/reduce conflict (shift 46, reduce 55) on T_CID
87: shift/reduce conflict (shift 47, reduce 55) on T_FLOAT
87: shift/reduce conflict (shift 48, reduce 55) on T_INT
87: shift/reduce conflict (shift 49, reduce 55) on T_CHAR
87: shift/reduce conflict (shift 50, reduce 55) on T_STRING
87: shift/reduce conflict (shift 51, reduce 55) on T_FALSE
87: shift/reduce conflict (shift 52, reduce 55) on T_TRUE
87: shift/reduce conflict (shift 53, reduce 55) on T_PLUS
87: shift/reduce conflict (shift 54, reduce 55) on T_MINUS
87: shift/reduce conflict (shift 55, reduce 55) on T_FPLUS
87: shift/reduce conflict (shift 56, reduce 55) on T_FMINUS
87: shift/reduce conflict (shift 57, reduce 55) on T_BANK
87: shift/reduce conflict (shift 58, reduce 55) on T_LPAR
state 87
	expr : T_CID exprstar .  (55)
	exprstar : exprstar . expr  (69)

	T_BEGIN  shift 37
	T_DELETE  shift 38
	T_DIM  shift 39
	T_IF  shift 40
	T_LET  shift 5
	T_MATCH  shift 41
	T_NEW  shift 42
	T_NOT  shift 43
	T_WHILE  shift 44
	T_ID  shift 45
	T_CID  shift 46
	T_FLOAT  shift 47
	T_INT  shift 48
	T_CHAR  shift 49
	T_STRING  shift 50
	T_FALSE  shift 51
	T_TRUE  shift 52
	T_PLUS  shift 53
	T_MINUS  shift 54
	T_FPLUS  shift 55
	T_FMINUS  shift 56
	T_BANK  shift 57
	T_LPAR  shift 58
	T_ANDDEF  reduce 55
	T_DO  reduce 55
	T_DONE  reduce 55
	T_ELSE  reduce 55
	T_END  reduce 55
	T_IN  reduce 55
	T_THEN  reduce 55
	T_TYPE  reduce 55
	T_WITH  reduce 55
	T_SEQ  reduce 55
	T_BAR  reduce 55
	T_TIMES  reduce 55
	T_DIV  reduce 55
	T_MOD  reduce 55
	T_FTIMES  reduce 55
	T_FDIV  reduce 55
	T_POWER  reduce 55
	T_SMCOLON  reduce 55
	T_AND  reduce 55
	T_OR  reduce 55
	T_NSEQ  reduce 55
	T_L  reduce 55
	T_G  reduce 55
	T_LE  reduce 55
	T_GE  reduce 55
	T_EQ  reduce 55
	T_NEQ  reduce 55
	T_ASSIGN  reduce 55
	T_RPAR  reduce 55
	T_RBRACK  reduce 55
	T_COMA  reduce 55
	T_EOF  reduce 55

	letdef  goto 59
	expr  goto 130
	unop  goto 61


state 88
	expr : T_LPAR T_RPAR .  (51)

	.  reduce 51


state 89
	expr : T_LPAR expr . T_RPAR  (52)
	expr : expr . binop expr  (54)

	T_SEQ  shift 91
	T_PLUS  shift 92
	T_MINUS  shift 93
	T_TIMES  shift 94
	T_DIV  shift 95
	T_MOD  shift 96
	T_FPLUS  shift 97
	T_FMINUS  shift 98
	T_FTIMES  shift 99
	T_FDIV  shift 100
	T_POWER  shift 101
	T_SMCOLON  shift 102
	T_AND  shift 103
	T_OR  shift 104
	T_NSEQ  shift 105
	T_L  shift 106
	T_G  shift 107
	T_LE  shift 108
	T_GE  shift 109
	T_EQ  shift 110
	T_NEQ  shift 111
	T_ASSIGN  shift 112
	T_RPAR  shift 131
	.  error

	binop  goto 114


state 90
	expr : letdef T_IN . expr  (61)

	T_BEGIN  shift 37
	T_DELETE  shift 38
	T_DIM  shift 39
	T_IF  shift 40
	T_LET  shift 5
	T_MATCH  shift 41
	T_NEW  shift 42
	T_NOT  shift 43
	T_WHILE  shift 44
	T_ID  shift 45
	T_CID  shift 46
	T_FLOAT  shift 47
	T_INT  shift 48
	T_CHAR  shift 49
	T_STRING  shift 50
	T_FALSE  shift 51
	T_TRUE  shift 52
	T_PLUS  shift 53
	T_MINUS  shift 54
	T_FPLUS  shift 55
	T_FMINUS  shift 56
	T_BANK  shift 57
	T_LPAR  shift 58
	.  error

	letdef  goto 59
	expr  goto 132
	unop  goto 61


state 91
	binop : T_SEQ .  (90)

	.  reduce 90


state 92
	binop : T_PLUS .  (80)

	.  reduce 80


state 93
	binop : T_MINUS .  (82)

	.  reduce 82


state 94
	binop : T_TIMES .  (84)

	.  reduce 84


state 95
	binop : T_DIV .  (86)

	.  reduce 86


state 96
	binop : T_MOD .  (88)

	.  reduce 88


state 97
	binop : T_FPLUS .  (81)

	.  reduce 81


state 98
	binop : T_FMINUS .  (83)

	.  reduce 83


state 99
	binop : T_FTIMES .  (85)

	.  reduce 85


state 100
	binop : T_FDIV .  (87)

	.  reduce 87


state 101
	binop : T_POWER .  (89)

	.  reduce 89


state 102
	binop : T_SMCOLON .  (100)

	.  reduce 100


state 103
	binop : T_AND .  (98)

	.  reduce 98


state 104
	binop : T_OR .  (99)

	.  reduce 99


state 105
	binop : T_NSEQ .  (91)

	.  reduce 91


state 106
	binop : T_L .  (92)

	.  reduce 92


state 107
	binop : T_G .  (93)

	.  reduce 93


state 108
	binop : T_LE .  (94)

	.  reduce 94


state 109
	binop : T_GE .  (95)

	.  reduce 95


state 110
	binop : T_EQ .  (96)

	.  reduce 96


state 111
	binop : T_NEQ .  (97)

	.  reduce 97


state 112
	binop : T_ASSIGN .  (101)

	.  reduce 101


state 113
	arrayz : T_LBRACK expr coma . T_RBRACK  (15)
	coma : coma . T_COMA expr  (17)

	T_RBRACK  shift 133
	T_COMA  shift 134
	.  error


state 114
	expr : expr binop . expr  (54)

	T_BEGIN  shift 37
	T_DELETE  shift 38
	T_DIM  shift 39
	T_IF  shift 40
	T_LET  shift 5
	T_MATCH  shift 41
	T_NEW  shift 42
	T_NOT  shift 43
	T_WHILE  shift 44
	T_ID  shift 45
	T_CID  shift 46
	T_FLOAT  shift 47
	T_INT  shift 48
	T_CHAR  shift 49
	T_STRING  shift 50
	T_FALSE  shift 51
	T_TRUE  shift 52
	T_PLUS  shift 53
	T_MINUS  shift 54
	T_FPLUS  shift 55
	T_FMINUS  shift 56
	T_BANK  shift 57
	T_LPAR  shift 58
	.  error

	letdef  goto 59
	expr  goto 135
	unop  goto 61


115: shift/reduce conflict (shift 91, reduce 53) on T_SEQ
115: shift/reduce conflict (shift 92, reduce 53) on T_PLUS
115: shift/reduce conflict (shift 93, reduce 53) on T_MINUS
115: shift/reduce conflict (shift 94, reduce 53) on T_TIMES
115: shift/reduce conflict (shift 95, reduce 53) on T_DIV
115: shift/reduce conflict (shift 96, reduce 53) on T_MOD
115: shift/reduce conflict (shift 97, reduce 53) on T_FPLUS
115: shift/reduce conflict (shift 98, reduce 53) on T_FMINUS
115: shift/reduce conflict (shift 99, reduce 53) on T_FTIMES
115: shift/reduce conflict (shift 100, reduce 53) on T_FDIV
115: shift/reduce conflict (shift 101, reduce 53) on T_POWER
115: shift/reduce conflict (shift 102, reduce 53) on T_SMCOLON
115: shift/reduce conflict (shift 103, reduce 53) on T_AND
115: shift/reduce conflict (shift 104, reduce 53) on T_OR
115: shift/reduce conflict (shift 105, reduce 53) on T_NSEQ
115: shift/reduce conflict (shift 106, reduce 53) on T_L
115: shift/reduce conflict (shift 107, reduce 53) on T_G
115: shift/reduce conflict (shift 108, reduce 53) on T_LE
115: shift/reduce conflict (shift 109, reduce 53) on T_GE
115: shift/reduce conflict (shift 110, reduce 53) on T_EQ
115: shift/reduce conflict (shift 111, reduce 53) on T_NEQ
115: shift/reduce conflict (shift 112, reduce 53) on T_ASSIGN
state 115
	expr : unop expr .  (53)
	expr : expr . binop expr  (54)

	T_SEQ  shift 91
	T_PLUS  shift 92
	T_MINUS  shift 93
	T_TIMES  shift 94
	T_DIV  shift 95
	T_MOD  shift 96
	T_FPLUS  shift 97
	T_FMINUS  shift 98
	T_FTIMES  shift 99
	T_FDIV  shift 100
	T_POWER  shift 101
	T_SMCOLON  shift 102
	T_AND  shift 103
	T_OR  shift 104
	T_NSEQ  shift 105
	T_L  shift 106
	T_G  shift 107
	T_LE  shift 108
	T_GE  shift 109
	T_EQ  shift 110
	T_NEQ  shift 111
	T_ASSIGN  shift 112
	T_ANDDEF  reduce 53
	T_BEGIN  reduce 53
	T_DELETE  reduce 53
	T_DIM  reduce 53
	T_DO  reduce 53
	T_DONE  reduce 53
	T_ELSE  reduce 53
	T_END  reduce 53
	T_IF  reduce 53
	T_IN  reduce 53
	T_LET  reduce 53
	T_MATCH  reduce 53
	T_NEW  reduce 53
	T_NOT  reduce 53
	T_THEN  reduce 53
	T_TYPE  reduce 53
	T_WHILE  reduce 53
	T_WITH  reduce 53
	T_ID  reduce 53
	T_CID  reduce 53
	T_FLOAT  reduce 53
	T_INT  reduce 53
	T_CHAR  reduce 53
	T_STRING  reduce 53
	T_FALSE  reduce 53
	T_TRUE  reduce 53
	T_BAR  reduce 53
	T_BANK  reduce 53
	T_LPAR  reduce 53
	T_RPAR  reduce 53
	T_RBRACK  reduce 53
	T_COMA  reduce 53
	T_EOF  reduce 53

	binop  goto 114


state 116
	par : T_LPAR T_ID T_COLON . typez T_RPAR  (32)

	T_ARRAY  shift 64
	T_ID  shift 65
	T_FLOAT  shift 66
	T_INT  shift 67
	T_CHAR  shift 68
	T_BOOL  shift 69
	T_UNIT  shift 70
	T_LPAR  shift 71
	.  error

	typez  goto 136


state 117
	typez : T_ARRAY T_LBRACK . T_TIMES arrbrack T_RBRACK T_OF typez  (41)

	T_TIMES  shift 137
	.  error


state 118
	typez : T_LPAR typez . T_RPAR  (38)
	typez : typez . T_GIVES typez  (39)
	typez : typez . T_REF  (40)

	T_REF  shift 119
	T_GIVES  shift 120
	T_RPAR  shift 138
	.  error


state 119
	typez : typez T_REF .  (40)

	.  reduce 40


state 120
	typez : typez T_GIVES . typez  (39)

	T_ARRAY  shift 64
	T_ID  shift 65
	T_FLOAT  shift 66
	T_INT  shift 67
	T_CHAR  shift 68
	T_BOOL  shift 69
	T_UNIT  shift 70
	T_LPAR  shift 71
	.  error

	typez  goto 139


state 121
	def : T_ID parstar colon T_SEQ expr .  (10)
	expr : expr . binop expr  (54)

	T_SEQ  shift 91
	T_PLUS  shift 92
	T_MINUS  shift 93
	T_TIMES  shift 94
	T_DIV  shift 95
	T_MOD  shift 96
	T_FPLUS  shift 97
	T_FMINUS  shift 98
	T_FTIMES  shift 99
	T_FDIV  shift 100
	T_POWER  shift 101
	T_SMCOLON  shift 102
	T_AND  shift 103
	T_OR  shift 104
	T_NSEQ  shift 105
	T_L  shift 106
	T_G  shift 107
	T_LE  shift 108
	T_GE  shift 109
	T_EQ  shift 110
	T_NEQ  shift 111
	T_ASSIGN  shift 112
	T_ANDDEF  reduce 10
	T_IN  reduce 10
	T_LET  reduce 10
	T_TYPE  reduce 10
	T_EOF  reduce 10

	binop  goto 114


state 122
	typepl : typepl typez .  (28)
	typez : typez . T_GIVES typez  (39)
	typez : typez . T_REF  (40)

	T_REF  shift 119
	T_GIVES  shift 120
	T_ANDDEF  reduce 28
	T_ARRAY  reduce 28
	T_LET  reduce 28
	T_TYPE  reduce 28
	T_ID  reduce 28
	T_FLOAT  reduce 28
	T_INT  reduce 28
	T_CHAR  reduce 28
	T_BOOL  reduce 28
	T_UNIT  reduce 28
	T_BAR  reduce 28
	T_LPAR  reduce 28
	T_EOF  reduce 28


state 123
	barconstr : barconstr T_BAR constr .  (23)

	.  reduce 23


state 124
	expr : T_BEGIN expr T_END .  (62)

	.  reduce 62


state 125
	expr : T_DIM T_INT T_ID .  (58)

	.  reduce 58


state 126
	expr : T_IF expr T_THEN . expr elsexpr  (63)

	T_BEGIN  shift 37
	T_DELETE  shift 38
	T_DIM  shift 39
	T_IF  shift 40
	T_LET  shift 5
	T_MATCH  shift 41
	T_NEW  shift 42
	T_NOT  shift 43
	T_WHILE  shift 44
	T_ID  shift 45
	T_CID  shift 46
	T_FLOAT  shift 47
	T_INT  shift 48
	T_CHAR  shift 49
	T_STRING  shift 50
	T_FALSE  shift 51
	T_TRUE  shift 52
	T_PLUS  shift 53
	T_MINUS  shift 54
	T_FPLUS  shift 55
	T_FMINUS  shift 56
	T_BANK  shift 57
	T_LPAR  shift 58
	.  error

	letdef  goto 59
	expr  goto 140
	unop  goto 61


state 127
	expr : T_MATCH expr T_WITH . clause barclause T_END  (65)

	T_ID  shift 141
	T_CID  shift 142
	T_CHAR  shift 143
	T_FALSE  shift 144
	T_TRUE  shift 145
	T_PLUS  shift 146
	T_MINUS  shift 147
	T_FPLUS  shift 148
	T_FMINUS  shift 149
	T_LPAR  shift 150
	.  error

	clause  goto 151
	pattern  goto 152


state 128
	expr : T_WHILE expr T_DO . expr T_DONE  (64)

	T_BEGIN  shift 37
	T_DELETE  shift 38
	T_DIM  shift 39
	T_IF  shift 40
	T_LET  shift 5
	T_MATCH  shift 41
	T_NEW  shift 42
	T_NOT  shift 43
	T_WHILE  shift 44
	T_ID  shift 45
	T_CID  shift 46
	T_FLOAT  shift 47
	T_INT  shift 48
	T_CHAR  shift 49
	T_STRING  shift 50
	T_FALSE  shift 51
	T_TRUE  shift 52
	T_PLUS  shift 53
	T_MINUS  shift 54
	T_FPLUS  shift 55
	T_FMINUS  shift 56
	T_BANK  shift 57
	T_LPAR  shift 58
	.  error

	letdef  goto 59
	expr  goto 153
	unop  goto 61


state 129
	expr : expr . binop expr  (54)
	expr : T_ID T_LBRACK expr . comaexpr T_RBRACK  (57)
	comaexpr : .  (70)

	T_SEQ  shift 91
	T_PLUS  shift 92
	T_MINUS  shift 93
	T_TIMES  shift 94
	T_DIV  shift 95
	T_MOD  shift 96
	T_FPLUS  shift 97
	T_FMINUS  shift 98
	T_FTIMES  shift 99
	T_FDIV  shift 100
	T_POWER  shift 101
	T_SMCOLON  shift 102
	T_AND  shift 103
	T_OR  shift 104
	T_NSEQ  shift 105
	T_L  shift 106
	T_G  shift 107
	T_LE  shift 108
	T_GE  shift 109
	T_EQ  shift 110
	T_NEQ  shift 111
	T_ASSIGN  shift 112
	T_RBRACK  reduce 70
	T_COMA  reduce 70

	binop  goto 114
	comaexpr  goto 154


130: shift/reduce conflict (shift 91, reduce 69) on T_SEQ
130: shift/reduce conflict (shift 92, reduce 69) on T_PLUS
130: shift/reduce conflict (shift 93, reduce 69) on T_MINUS
130: shift/reduce conflict (shift 94, reduce 69) on T_TIMES
130: shift/reduce conflict (shift 95, reduce 69) on T_DIV
130: shift/reduce conflict (shift 96, reduce 69) on T_MOD
130: shift/reduce conflict (shift 97, reduce 69) on T_FPLUS
130: shift/reduce conflict (shift 98, reduce 69) on T_FMINUS
130: shift/reduce conflict (shift 99, reduce 69) on T_FTIMES
130: shift/reduce conflict (shift 100, reduce 69) on T_FDIV
130: shift/reduce conflict (shift 101, reduce 69) on T_POWER
130: shift/reduce conflict (shift 102, reduce 69) on T_SMCOLON
130: shift/reduce conflict (shift 103, reduce 69) on T_AND
130: shift/reduce conflict (shift 104, reduce 69) on T_OR
130: shift/reduce conflict (shift 105, reduce 69) on T_NSEQ
130: shift/reduce conflict (shift 106, reduce 69) on T_L
130: shift/reduce conflict (shift 107, reduce 69) on T_G
130: shift/reduce conflict (shift 108, reduce 69) on T_LE
130: shift/reduce conflict (shift 109, reduce 69) on T_GE
130: shift/reduce conflict (shift 110, reduce 69) on T_EQ
130: shift/reduce conflict (shift 111, reduce 69) on T_NEQ
130: shift/reduce conflict (shift 112, reduce 69) on T_ASSIGN
state 130
	expr : expr . binop expr  (54)
	exprstar : exprstar expr .  (69)

	T_SEQ  shift 91
	T_PLUS  shift 92
	T_MINUS  shift 93
	T_TIMES  shift 94
	T_DIV  shift 95
	T_MOD  shift 96
	T_FPLUS  shift 97
	T_FMINUS  shift 98
	T_FTIMES  shift 99
	T_FDIV  shift 100
	T_POWER  shift 101
	T_SMCOLON  shift 102
	T_AND  shift 103
	T_OR  shift 104
	T_NSEQ  shift 105
	T_L  shift 106
	T_G  shift 107
	T_LE  shift 108
	T_GE  shift 109
	T_EQ  shift 110
	T_NEQ  shift 111
	T_ASSIGN  shift 112
	T_ANDDEF  reduce 69
	T_BEGIN  reduce 69
	T_DELETE  reduce 69
	T_DIM  reduce 69
	T_DO  reduce 69
	T_DONE  reduce 69
	T_ELSE  reduce 69
	T_END  reduce 69
	T_IF  reduce 69
	T_IN  reduce 69
	T_LET  reduce 69
	T_MATCH  reduce 69
	T_NEW  reduce 69
	T_NOT  reduce 69
	T_THEN  reduce 69
	T_TYPE  reduce 69
	T_WHILE  reduce 69
	T_WITH  reduce 69
	T_ID  reduce 69
	T_CID  reduce 69
	T_FLOAT  reduce 69
	T_INT  reduce 69
	T_CHAR  reduce 69
	T_STRING  reduce 69
	T_FALSE  reduce 69
	T_TRUE  reduce 69
	T_BAR  reduce 69
	T_BANK  reduce 69
	T_LPAR  reduce 69
	T_RPAR  reduce 69
	T_RBRACK  reduce 69
	T_COMA  reduce 69
	T_EOF  reduce 69

	binop  goto 114


state 131
	expr : T_LPAR expr T_RPAR .  (52)

	.  reduce 52


132: shift/reduce conflict (shift 91, reduce 61) on T_SEQ
132: shift/reduce conflict (shift 92, reduce 61) on T_PLUS
132: shift/reduce conflict (shift 93, reduce 61) on T_MINUS
132: shift/reduce conflict (shift 94, reduce 61) on T_TIMES
132: shift/reduce conflict (shift 95, reduce 61) on T_DIV
132: shift/reduce conflict (shift 96, reduce 61) on T_MOD
132: shift/reduce conflict (shift 97, reduce 61) on T_FPLUS
132: shift/reduce conflict (shift 98, reduce 61) on T_FMINUS
132: shift/reduce conflict (shift 99, reduce 61) on T_FTIMES
132: shift/reduce conflict (shift 100, reduce 61) on T_FDIV
132: shift/reduce conflict (shift 101, reduce 61) on T_POWER
132: shift/reduce conflict (shift 102, reduce 61) on T_SMCOLON
132: shift/reduce conflict (shift 103, reduce 61) on T_AND
132: shift/reduce conflict (shift 104, reduce 61) on T_OR
132: shift/reduce conflict (shift 105, reduce 61) on T_NSEQ
132: shift/reduce conflict (shift 106, reduce 61) on T_L
132: shift/reduce conflict (shift 107, reduce 61) on T_G
132: shift/reduce conflict (shift 108, reduce 61) on T_LE
132: shift/reduce conflict (shift 109, reduce 61) on T_GE
132: shift/reduce conflict (shift 110, reduce 61) on T_EQ
132: shift/reduce conflict (shift 111, reduce 61) on T_NEQ
132: shift/reduce conflict (shift 112, reduce 61) on T_ASSIGN
state 132
	expr : expr . binop expr  (54)
	expr : letdef T_IN expr .  (61)

	T_SEQ  shift 91
	T_PLUS  shift 92
	T_MINUS  shift 93
	T_TIMES  shift 94
	T_DIV  shift 95
	T_MOD  shift 96
	T_FPLUS  shift 97
	T_FMINUS  shift 98
	T_FTIMES  shift 99
	T_FDIV  shift 100
	T_POWER  shift 101
	T_SMCOLON  shift 102
	T_AND  shift 103
	T_OR  shift 104
	T_NSEQ  shift 105
	T_L  shift 106
	T_G  shift 107
	T_LE  shift 108
	T_GE  shift 109
	T_EQ  shift 110
	T_NEQ  shift 111
	T_ASSIGN  shift 112
	T_ANDDEF  reduce 61
	T_BEGIN  reduce 61
	T_DELETE  reduce 61
	T_DIM  reduce 61
	T_DO  reduce 61
	T_DONE  reduce 61
	T_ELSE  reduce 61
	T_END  reduce 61
	T_IF  reduce 61
	T_IN  reduce 61
	T_LET  reduce 61
	T_MATCH  reduce 61
	T_NEW  reduce 61
	T_NOT  reduce 61
	T_THEN  reduce 61
	T_TYPE  reduce 61
	T_WHILE  reduce 61
	T_WITH  reduce 61
	T_ID  reduce 61
	T_CID  reduce 61
	T_FLOAT  reduce 61
	T_INT  reduce 61
	T_CHAR  reduce 61
	T_STRING  reduce 61
	T_FALSE  reduce 61
	T_TRUE  reduce 61
	T_BAR  reduce 61
	T_BANK  reduce 61
	T_LPAR  reduce 61
	T_RPAR  reduce 61
	T_RBRACK  reduce 61
	T_COMA  reduce 61
	T_EOF  reduce 61

	binop  goto 114


state 133
	arrayz : T_LBRACK expr coma T_RBRACK .  (15)

	.  reduce 15


state 134
	coma : coma T_COMA . expr  (17)

	T_BEGIN  shift 37
	T_DELETE  shift 38
	T_DIM  shift 39
	T_IF  shift 40
	T_LET  shift 5
	T_MATCH  shift 41
	T_NEW  shift 42
	T_NOT  shift 43
	T_WHILE  shift 44
	T_ID  shift 45
	T_CID  shift 46
	T_FLOAT  shift 47
	T_INT  shift 48
	T_CHAR  shift 49
	T_STRING  shift 50
	T_FALSE  shift 51
	T_TRUE  shift 52
	T_PLUS  shift 53
	T_MINUS  shift 54
	T_FPLUS  shift 55
	T_FMINUS  shift 56
	T_BANK  shift 57
	T_LPAR  shift 58
	.  error

	letdef  goto 59
	expr  goto 155
	unop  goto 61


135: shift/reduce conflict (shift 91, reduce 54) on T_SEQ
135: shift/reduce conflict (shift 92, reduce 54) on T_PLUS
135: shift/reduce conflict (shift 93, reduce 54) on T_MINUS
135: shift/reduce conflict (shift 94, reduce 54) on T_TIMES
135: shift/reduce conflict (shift 95, reduce 54) on T_DIV
135: shift/reduce conflict (shift 96, reduce 54) on T_MOD
135: shift/reduce conflict (shift 97, reduce 54) on T_FPLUS
135: shift/reduce conflict (shift 98, reduce 54) on T_FMINUS
135: shift/reduce conflict (shift 99, reduce 54) on T_FTIMES
135: shift/reduce conflict (shift 100, reduce 54) on T_FDIV
135: shift/reduce conflict (shift 101, reduce 54) on T_POWER
135: shift/reduce conflict (shift 102, reduce 54) on T_SMCOLON
135: shift/reduce conflict (shift 103, reduce 54) on T_AND
135: shift/reduce conflict (shift 104, reduce 54) on T_OR
135: shift/reduce conflict (shift 105, reduce 54) on T_NSEQ
135: shift/reduce conflict (shift 106, reduce 54) on T_L
135: shift/reduce conflict (shift 107, reduce 54) on T_G
135: shift/reduce conflict (shift 108, reduce 54) on T_LE
135: shift/reduce conflict (shift 109, reduce 54) on T_GE
135: shift/reduce conflict (shift 110, reduce 54) on T_EQ
135: shift/reduce conflict (shift 111, reduce 54) on T_NEQ
135: shift/reduce conflict (shift 112, reduce 54) on T_ASSIGN
state 135
	expr : expr . binop expr  (54)
	expr : expr binop expr .  (54)

	T_SEQ  shift 91
	T_PLUS  shift 92
	T_MINUS  shift 93
	T_TIMES  shift 94
	T_DIV  shift 95
	T_MOD  shift 96
	T_FPLUS  shift 97
	T_FMINUS  shift 98
	T_FTIMES  shift 99
	T_FDIV  shift 100
	T_POWER  shift 101
	T_SMCOLON  shift 102
	T_AND  shift 103
	T_OR  shift 104
	T_NSEQ  shift 105
	T_L  shift 106
	T_G  shift 107
	T_LE  shift 108
	T_GE  shift 109
	T_EQ  shift 110
	T_NEQ  shift 111
	T_ASSIGN  shift 112
	T_ANDDEF  reduce 54
	T_BEGIN  reduce 54
	T_DELETE  reduce 54
	T_DIM  reduce 54
	T_DO  reduce 54
	T_DONE  reduce 54
	T_ELSE  reduce 54
	T_END  reduce 54
	T_IF  reduce 54
	T_IN  reduce 54
	T_LET  reduce 54
	T_MATCH  reduce 54
	T_NEW  reduce 54
	T_NOT  reduce 54
	T_THEN  reduce 54
	T_TYPE  reduce 54
	T_WHILE  reduce 54
	T_WITH  reduce 54
	T_ID  reduce 54
	T_CID  reduce 54
	T_FLOAT  reduce 54
	T_INT  reduce 54
	T_CHAR  reduce 54
	T_STRING  reduce 54
	T_FALSE  reduce 54
	T_TRUE  reduce 54
	T_BAR  reduce 54
	T_BANK  reduce 54
	T_LPAR  reduce 54
	T_RPAR  reduce 54
	T_RBRACK  reduce 54
	T_COMA  reduce 54
	T_EOF  reduce 54

	binop  goto 114


state 136
	par : T_LPAR T_ID T_COLON typez . T_RPAR  (32)
	typez : typez . T_GIVES typez  (39)
	typez : typez . T_REF  (40)

	T_REF  shift 119
	T_GIVES  shift 120
	T_RPAR  shift 156
	.  error


state 137
	typez : T_ARRAY T_LBRACK T_TIMES . arrbrack T_RBRACK T_OF typez  (41)
	arrbrack : .  (43)

	.  reduce 43

	arrbrack  goto 157


state 138
	typez : T_LPAR typez T_RPAR .  (38)

	.  reduce 38


139: shift/reduce conflict (shift 119, reduce 39) on T_REF
139: shift/reduce conflict (shift 120, reduce 39) on T_GIVES
state 139
	typez : typez . T_GIVES typez  (39)
	typez : typez T_GIVES typez .  (39)
	typez : typez . T_REF  (40)

	T_REF  shift 119
	T_GIVES  shift 120
	T_ANDDEF  reduce 39
	T_ARRAY  reduce 39
	T_BEGIN  reduce 39
	T_DELETE  reduce 39
	T_DIM  reduce 39
	T_DO  reduce 39
	T_DONE  reduce 39
	T_ELSE  reduce 39
	T_END  reduce 39
	T_IF  reduce 39
	T_IN  reduce 39
	T_LET  reduce 39
	T_MATCH  reduce 39
	T_NEW  reduce 39
	T_NOT  reduce 39
	T_THEN  reduce 39
	T_TYPE  reduce 39
	T_WHILE  reduce 39
	T_WITH  reduce 39
	T_ID  reduce 39
	T_CID  reduce 39
	T_FLOAT  reduce 39
	T_INT  reduce 39
	T_CHAR  reduce 39
	T_STRING  reduce 39
	T_FALSE  reduce 39
	T_TRUE  reduce 39
	T_BOOL  reduce 39
	T_UNIT  reduce 39
	T_SEQ  reduce 39
	T_BAR  reduce 39
	T_PLUS  reduce 39
	T_MINUS  reduce 39
	T_TIMES  reduce 39
	T_DIV  reduce 39
	T_MOD  reduce 39
	T_FPLUS  reduce 39
	T_FMINUS  reduce 39
	T_FTIMES  reduce 39
	T_FDIV  reduce 39
	T_POWER  reduce 39
	T_BANK  reduce 39
	T_SMCOLON  reduce 39
	T_AND  reduce 39
	T_OR  reduce 39
	T_NSEQ  reduce 39
	T_L  reduce 39
	T_G  reduce 39
	T_LE  reduce 39
	T_GE  reduce 39
	T_EQ  reduce 39
	T_NEQ  reduce 39
	T_ASSIGN  reduce 39
	T_LPAR  reduce 39
	T_RPAR  reduce 39
	T_RBRACK  reduce 39
	T_COMA  reduce 39
	T_EOF  reduce 39


140: shift/reduce conflict (shift 158, reduce 66) on T_ELSE
140: shift/reduce conflict (shift 91, reduce 66) on T_SEQ
140: shift/reduce conflict (shift 92, reduce 66) on T_PLUS
140: shift/reduce conflict (shift 93, reduce 66) on T_MINUS
140: shift/reduce conflict (shift 94, reduce 66) on T_TIMES
140: shift/reduce conflict (shift 95, reduce 66) on T_DIV
140: shift/reduce conflict (shift 96, reduce 66) on T_MOD
140: shift/reduce conflict (shift 97, reduce 66) on T_FPLUS
140: shift/reduce conflict (shift 98, reduce 66) on T_FMINUS
140: shift/reduce conflict (shift 99, reduce 66) on T_FTIMES
140: shift/reduce conflict (shift 100, reduce 66) on T_FDIV
140: shift/reduce conflict (shift 101, reduce 66) on T_POWER
140: shift/reduce conflict (shift 102, reduce 66) on T_SMCOLON
140: shift/reduce conflict (shift 103, reduce 66) on T_AND
140: shift/reduce conflict (shift 104, reduce 66) on T_OR
140: shift/reduce conflict (shift 105, reduce 66) on T_NSEQ
140: shift/reduce conflict (shift 106, reduce 66) on T_L
140: shift/reduce conflict (shift 107, reduce 66) on T_G
140: shift/reduce conflict (shift 108, reduce 66) on T_LE
140: shift/reduce conflict (shift 109, reduce 66) on T_GE
140: shift/reduce conflict (shift 110, reduce 66) on T_EQ
140: shift/reduce conflict (shift 111, reduce 66) on T_NEQ
140: shift/reduce conflict (shift 112, reduce 66) on T_ASSIGN
state 140
	expr : expr . binop expr  (54)
	expr : T_IF expr T_THEN expr . elsexpr  (63)
	elsexpr : .  (66)

	T_ELSE  shift 158
	T_SEQ  shift 91
	T_PLUS  shift 92
	T_MINUS  shift 93
	T_TIMES  shift 94
	T_DIV  shift 95
	T_MOD  shift 96
	T_FPLUS  shift 97
	T_FMINUS  shift 98
	T_FTIMES  shift 99
	T_FDIV  shift 100
	T_POWER  shift 101
	T_SMCOLON  shift 102
	T_AND  shift 103
	T_OR  shift 104
	T_NSEQ  shift 105
	T_L  shift 106
	T_G  shift 107
	T_LE  shift 108
	T_GE  shift 109
	T_EQ  shift 110
	T_NEQ  shift 111
	T_ASSIGN  shift 112
	T_ANDDEF  reduce 66
	T_BEGIN  reduce 66
	T_DELETE  reduce 66
	T_DIM  reduce 66
	T_DO  reduce 66
	T_DONE  reduce 66
	T_END  reduce 66
	T_IF  reduce 66
	T_IN  reduce 66
	T_LET  reduce 66
	T_MATCH  reduce 66
	T_NEW  reduce 66
	T_NOT  reduce 66
	T_THEN  reduce 66
	T_TYPE  reduce 66
	T_WHILE  reduce 66
	T_WITH  reduce 66
	T_ID  reduce 66
	T_CID  reduce 66
	T_FLOAT  reduce 66
	T_INT  reduce 66
	T_CHAR  reduce 66
	T_STRING  reduce 66
	T_FALSE  reduce 66
	T_TRUE  reduce 66
	T_BAR  reduce 66
	T_BANK  reduce 66
	T_LPAR  reduce 66
	T_RPAR  reduce 66
	T_RBRACK  reduce 66
	T_COMA  reduce 66
	T_EOF  reduce 66

	binop  goto 114
	elsexpr  goto 159


state 141
	pattern : T_ID .  (110)

	.  reduce 110


state 142
	pattern : T_CID . patternstar  (112)
	patternstar : .  (113)

	.  reduce 113

	patternstar  goto 160


state 143
	pattern : T_CHAR .  (107)

	.  reduce 107


state 144
	pattern : T_FALSE .  (109)

	.  reduce 109


state 145
	pattern : T_TRUE .  (108)

	.  reduce 108


state 146
	pattern : T_PLUS . T_INT  (103)

	T_INT  shift 161
	.  error


state 147
	pattern : T_MINUS . T_INT  (104)

	T_INT  shift 162
	.  error


state 148
	pattern : T_FPLUS . T_FLOAT  (105)

	T_FLOAT  shift 163
	.  error


state 149
	pattern : T_FMINUS . T_FLOAT  (106)

	T_FLOAT  shift 164
	.  error


state 150
	pattern : T_LPAR . pattern T_RPAR  (111)

	T_ID  shift 141
	T_CID  shift 142
	T_CHAR  shift 143
	T_FALSE  shift 144
	T_TRUE  shift 145
	T_PLUS  shift 146
	T_MINUS  shift 147
	T_FPLUS  shift 148
	T_FMINUS  shift 149
	T_LPAR  shift 150
	.  error

	pattern  goto 165


state 151
	expr : T_MATCH expr T_WITH clause . barclause T_END  (65)
	barclause : .  (72)

	.  reduce 72

	barclause  goto 166


state 152
	clause : pattern . T_GIVES expr  (102)

	T_GIVES  shift 167
	.  error


state 153
	expr : expr . binop expr  (54)
	expr : T_WHILE expr T_DO expr . T_DONE  (64)

	T_DONE  shift 168
	T_SEQ  shift 91
	T_PLUS  shift 92
	T_MINUS  shift 93
	T_TIMES  shift 94
	T_DIV  shift 95
	T_MOD  shift 96
	T_FPLUS  shift 97
	T_FMINUS  shift 98
	T_FTIMES  shift 99
	T_FDIV  shift 100
	T_POWER  shift 101
	T_SMCOLON  shift 102
	T_AND  shift 103
	T_OR  shift 104
	T_NSEQ  shift 105
	T_L  shift 106
	T_G  shift 107
	T_LE  shift 108
	T_GE  shift 109
	T_EQ  shift 110
	T_NEQ  shift 111
	T_ASSIGN  shift 112
	.  error

	binop  goto 114


state 154
	expr : T_ID T_LBRACK expr comaexpr . T_RBRACK  (57)
	comaexpr : comaexpr . T_COMA expr  (71)

	T_RBRACK  shift 169
	T_COMA  shift 170
	.  error


state 155
	coma : coma T_COMA expr .  (17)
	expr : expr . binop expr  (54)

	T_SEQ  shift 91
	T_PLUS  shift 92
	T_MINUS  shift 93
	T_TIMES  shift 94
	T_DIV  shift 95
	T_MOD  shift 96
	T_FPLUS  shift 97
	T_FMINUS  shift 98
	T_FTIMES  shift 99
	T_FDIV  shift 100
	T_POWER  shift 101
	T_SMCOLON  shift 102
	T_AND  shift 103
	T_OR  shift 104
	T_NSEQ  shift 105
	T_L  shift 106
	T_G  shift 107
	T_LE  shift 108
	T_GE  shift 109
	T_EQ  shift 110
	T_NEQ  shift 111
	T_ASSIGN  shift 112
	T_RBRACK  reduce 17
	T_COMA  reduce 17

	binop  goto 114


state 156
	par : T_LPAR T_ID T_COLON typez T_RPAR .  (32)

	.  reduce 32


state 157
	typez : T_ARRAY T_LBRACK T_TIMES arrbrack . T_RBRACK T_OF typez  (41)
	arrbrack : arrbrack . T_COMA T_TIMES  (44)

	T_RBRACK  shift 171
	T_COMA  shift 172
	.  error


state 158
	elsexpr : T_ELSE . expr  (67)

	T_BEGIN  shift 37
	T_DELETE  shift 38
	T_DIM  shift 39
	T_IF  shift 40
	T_LET  shift 5
	T_MATCH  shift 41
	T_NEW  shift 42
	T_NOT  shift 43
	T_WHILE  shift 44
	T_ID  shift 45
	T_CID  shift 46
	T_FLOAT  shift 47
	T_INT  shift 48
	T_CHAR  shift 49
	T_STRING  shift 50
	T_FALSE  shift 51
	T_TRUE  shift 52
	T_PLUS  shift 53
	T_MINUS  shift 54
	T_FPLUS  shift 55
	T_FMINUS  shift 56
	T_BANK  shift 57
	T_LPAR  shift 58
	.  error

	letdef  goto 59
	expr  goto 173
	unop  goto 61


state 159
	expr : T_IF expr T_THEN expr elsexpr .  (63)

	.  reduce 63


160: reduce/reduce conflict (reduce 112, reduce 113) on T_GIVES
160: reduce/reduce conflict (reduce 112, reduce 113) on T_RPAR
state 160
	pattern : T_CID patternstar .  (112)
	patternstar : patternstar . patternstar  (114)
	patternstar : .  (113)

	.  reduce 112

	patternstar  goto 174


state 161
	pattern : T_PLUS T_INT .  (103)

	.  reduce 103


state 162
	pattern : T_MINUS T_INT .  (104)

	.  reduce 104


state 163
	pattern : T_FPLUS T_FLOAT .  (105)

	.  reduce 105


state 164
	pattern : T_FMINUS T_FLOAT .  (106)

	.  reduce 106


state 165
	pattern : T_LPAR pattern . T_RPAR  (111)

	T_RPAR  shift 175
	.  error


state 166
	expr : T_MATCH expr T_WITH clause barclause . T_END  (65)
	barclause : barclause . T_BAR clause  (73)

	T_END  shift 176
	T_BAR  shift 177
	.  error


state 167
	clause : pattern T_GIVES . expr  (102)

	T_BEGIN  shift 37
	T_DELETE  shift 38
	T_DIM  shift 39
	T_IF  shift 40
	T_LET  shift 5
	T_MATCH  shift 41
	T_NEW  shift 42
	T_NOT  shift 43
	T_WHILE  shift 44
	T_ID  shift 45
	T_CID  shift 46
	T_FLOAT  shift 47
	T_INT  shift 48
	T_CHAR  shift 49
	T_STRING  shift 50
	T_FALSE  shift 51
	T_TRUE  shift 52
	T_PLUS  shift 53
	T_MINUS  shift 54
	T_FPLUS  shift 55
	T_FMINUS  shift 56
	T_BANK  shift 57
	T_LPAR  shift 58
	.  error

	letdef  goto 59
	expr  goto 178
	unop  goto 61


state 168
	expr : T_WHILE expr T_DO expr T_DONE .  (64)

	.  reduce 64


state 169
	expr : T_ID T_LBRACK expr comaexpr T_RBRACK .  (57)

	.  reduce 57


state 170
	comaexpr : comaexpr T_COMA . expr  (71)

	T_BEGIN  shift 37
	T_DELETE  shift 38
	T_DIM  shift 39
	T_IF  shift 40
	T_LET  shift 5
	T_MATCH  shift 41
	T_NEW  shift 42
	T_NOT  shift 43
	T_WHILE  shift 44
	T_ID  shift 45
	T_CID  shift 46
	T_FLOAT  shift 47
	T_INT  shift 48
	T_CHAR  shift 49
	T_STRING  shift 50
	T_FALSE  shift 51
	T_TRUE  shift 52
	T_PLUS  shift 53
	T_MINUS  shift 54
	T_FPLUS  shift 55
	T_FMINUS  shift 56
	T_BANK  shift 57
	T_LPAR  shift 58
	.  error

	letdef  goto 59
	expr  goto 179
	unop  goto 61


state 171
	typez : T_ARRAY T_LBRACK T_TIMES arrbrack T_RBRACK . T_OF typez  (41)

	T_OF  shift 180
	.  error


state 172
	arrbrack : arrbrack T_COMA . T_TIMES  (44)

	T_TIMES  shift 181
	.  error


173: shift/reduce conflict (shift 91, reduce 67) on T_SEQ
173: shift/reduce conflict (shift 92, reduce 67) on T_PLUS
173: shift/reduce conflict (shift 93, reduce 67) on T_MINUS
173: shift/reduce conflict (shift 94, reduce 67) on T_TIMES
173: shift/reduce conflict (shift 95, reduce 67) on T_DIV
173: shift/reduce conflict (shift 96, reduce 67) on T_MOD
173: shift/reduce conflict (shift 97, reduce 67) on T_FPLUS
173: shift/reduce conflict (shift 98, reduce 67) on T_FMINUS
173: shift/reduce conflict (shift 99, reduce 67) on T_FTIMES
173: shift/reduce conflict (shift 100, reduce 67) on T_FDIV
173: shift/reduce conflict (shift 101, reduce 67) on T_POWER
173: shift/reduce conflict (shift 102, reduce 67) on T_SMCOLON
173: shift/reduce conflict (shift 103, reduce 67) on T_AND
173: shift/reduce conflict (shift 104, reduce 67) on T_OR
173: shift/reduce conflict (shift 105, reduce 67) on T_NSEQ
173: shift/reduce conflict (shift 106, reduce 67) on T_L
173: shift/reduce conflict (shift 107, reduce 67) on T_G
173: shift/reduce conflict (shift 108, reduce 67) on T_LE
173: shift/reduce conflict (shift 109, reduce 67) on T_GE
173: shift/reduce conflict (shift 110, reduce 67) on T_EQ
173: shift/reduce conflict (shift 111, reduce 67) on T_NEQ
173: shift/reduce conflict (shift 112, reduce 67) on T_ASSIGN
state 173
	expr : expr . binop expr  (54)
	elsexpr : T_ELSE expr .  (67)

	T_SEQ  shift 91
	T_PLUS  shift 92
	T_MINUS  shift 93
	T_TIMES  shift 94
	T_DIV  shift 95
	T_MOD  shift 96
	T_FPLUS  shift 97
	T_FMINUS  shift 98
	T_FTIMES  shift 99
	T_FDIV  shift 100
	T_POWER  shift 101
	T_SMCOLON  shift 102
	T_AND  shift 103
	T_OR  shift 104
	T_NSEQ  shift 105
	T_L  shift 106
	T_G  shift 107
	T_LE  shift 108
	T_GE  shift 109
	T_EQ  shift 110
	T_NEQ  shift 111
	T_ASSIGN  shift 112
	T_ANDDEF  reduce 67
	T_BEGIN  reduce 67
	T_DELETE  reduce 67
	T_DIM  reduce 67
	T_DO  reduce 67
	T_DONE  reduce 67
	T_ELSE  reduce 67
	T_END  reduce 67
	T_IF  reduce 67
	T_IN  reduce 67
	T_LET  reduce 67
	T_MATCH  reduce 67
	T_NEW  reduce 67
	T_NOT  reduce 67
	T_THEN  reduce 67
	T_TYPE  reduce 67
	T_WHILE  reduce 67
	T_WITH  reduce 67
	T_ID  reduce 67
	T_CID  reduce 67
	T_FLOAT  reduce 67
	T_INT  reduce 67
	T_CHAR  reduce 67
	T_STRING  reduce 67
	T_FALSE  reduce 67
	T_TRUE  reduce 67
	T_BAR  reduce 67
	T_BANK  reduce 67
	T_LPAR  reduce 67
	T_RPAR  reduce 67
	T_RBRACK  reduce 67
	T_COMA  reduce 67
	T_EOF  reduce 67

	binop  goto 114


174: reduce/reduce conflict (reduce 113, reduce 114) on T_GIVES
174: reduce/reduce conflict (reduce 113, reduce 114) on T_RPAR
state 174
	patternstar : patternstar . patternstar  (114)
	patternstar : patternstar patternstar .  (114)
	patternstar : .  (113)

	.  reduce 113

	patternstar  goto 174


state 175
	pattern : T_LPAR pattern T_RPAR .  (111)

	.  reduce 111


state 176
	expr : T_MATCH expr T_WITH clause barclause T_END .  (65)

	.  reduce 65


state 177
	barclause : barclause T_BAR . clause  (73)

	T_ID  shift 141
	T_CID  shift 142
	T_CHAR  shift 143
	T_FALSE  shift 144
	T_TRUE  shift 145
	T_PLUS  shift 146
	T_MINUS  shift 147
	T_FPLUS  shift 148
	T_FMINUS  shift 149
	T_LPAR  shift 150
	.  error

	clause  goto 182
	pattern  goto 152


state 178
	expr : expr . binop expr  (54)
	clause : pattern T_GIVES expr .  (102)

	T_SEQ  shift 91
	T_PLUS  shift 92
	T_MINUS  shift 93
	T_TIMES  shift 94
	T_DIV  shift 95
	T_MOD  shift 96
	T_FPLUS  shift 97
	T_FMINUS  shift 98
	T_FTIMES  shift 99
	T_FDIV  shift 100
	T_POWER  shift 101
	T_SMCOLON  shift 102
	T_AND  shift 103
	T_OR  shift 104
	T_NSEQ  shift 105
	T_L  shift 106
	T_G  shift 107
	T_LE  shift 108
	T_GE  shift 109
	T_EQ  shift 110
	T_NEQ  shift 111
	T_ASSIGN  shift 112
	T_END  reduce 102
	T_BAR  reduce 102

	binop  goto 114


state 179
	expr : expr . binop expr  (54)
	comaexpr : comaexpr T_COMA expr .  (71)

	T_SEQ  shift 91
	T_PLUS  shift 92
	T_MINUS  shift 93
	T_TIMES  shift 94
	T_DIV  shift 95
	T_MOD  shift 96
	T_FPLUS  shift 97
	T_FMINUS  shift 98
	T_FTIMES  shift 99
	T_FDIV  shift 100
	T_POWER  shift 101
	T_SMCOLON  shift 102
	T_AND  shift 103
	T_OR  shift 104
	T_NSEQ  shift 105
	T_L  shift 106
	T_G  shift 107
	T_LE  shift 108
	T_GE  shift 109
	T_EQ  shift 110
	T_NEQ  shift 111
	T_ASSIGN  shift 112
	T_RBRACK  reduce 71
	T_COMA  reduce 71

	binop  goto 114


state 180
	typez : T_ARRAY T_LBRACK T_TIMES arrbrack T_RBRACK T_OF . typez  (41)

	T_ARRAY  shift 64
	T_ID  shift 65
	T_FLOAT  shift 66
	T_INT  shift 67
	T_CHAR  shift 68
	T_BOOL  shift 69
	T_UNIT  shift 70
	T_LPAR  shift 71
	.  error

	typez  goto 183


state 181
	arrbrack : arrbrack T_COMA T_TIMES .  (44)

	.  reduce 44


state 182
	barclause : barclause T_BAR clause .  (73)

	.  reduce 73


183: shift/reduce conflict (shift 119, reduce 41) on T_REF
183: shift/reduce conflict (shift 120, reduce 41) on T_GIVES
state 183
	typez : typez . T_GIVES typez  (39)
	typez : typez . T_REF  (40)
	typez : T_ARRAY T_LBRACK T_TIMES arrbrack T_RBRACK T_OF typez .  (41)

	T_REF  shift 119
	T_GIVES  shift 120
	T_ANDDEF  reduce 41
	T_ARRAY  reduce 41
	T_BEGIN  reduce 41
	T_DELETE  reduce 41
	T_DIM  reduce 41
	T_DO  reduce 41
	T_DONE  reduce 41
	T_ELSE  reduce 41
	T_END  reduce 41
	T_IF  reduce 41
	T_IN  reduce 41
	T_LET  reduce 41
	T_MATCH  reduce 41
	T_NEW  reduce 41
	T_NOT  reduce 41
	T_THEN  reduce 41
	T_TYPE  reduce 41
	T_WHILE  reduce 41
	T_WITH  reduce 41
	T_ID  reduce 41
	T_CID  reduce 41
	T_FLOAT  reduce 41
	T_INT  reduce 41
	T_CHAR  reduce 41
	T_STRING  reduce 41
	T_FALSE  reduce 41
	T_TRUE  reduce 41
	T_BOOL  reduce 41
	T_UNIT  reduce 41
	T_SEQ  reduce 41
	T_BAR  reduce 41
	T_PLUS  reduce 41
	T_MINUS  reduce 41
	T_TIMES  reduce 41
	T_DIV  reduce 41
	T_MOD  reduce 41
	T_FPLUS  reduce 41
	T_FMINUS  reduce 41
	T_FTIMES  reduce 41
	T_FDIV  reduce 41
	T_POWER  reduce 41
	T_BANK  reduce 41
	T_SMCOLON  reduce 41
	T_AND  reduce 41
	T_OR  reduce 41
	T_NSEQ  reduce 41
	T_L  reduce 41
	T_G  reduce 41
	T_LE  reduce 41
	T_GE  reduce 41
	T_EQ  reduce 41
	T_NEQ  reduce 41
	T_ASSIGN  reduce 41
	T_LPAR  reduce 41
	T_RPAR  reduce 41
	T_RBRACK  reduce 41
	T_COMA  reduce 41
	T_EOF  reduce 41


Rules never reduced:
	patternstar : patternstar patternstar  (114)


State 79 contains 22 shift/reduce conflicts.
State 86 contains 23 shift/reduce conflicts.
State 87 contains 23 shift/reduce conflicts.
State 115 contains 22 shift/reduce conflicts.
State 130 contains 22 shift/reduce conflicts.
State 132 contains 22 shift/reduce conflicts.
State 135 contains 22 shift/reduce conflicts.
State 139 contains 2 shift/reduce conflicts.
State 140 contains 23 shift/reduce conflicts.
State 160 contains 2 reduce/reduce conflicts.
State 173 contains 22 shift/reduce conflicts.
State 174 contains 2 reduce/reduce conflicts.
State 183 contains 2 shift/reduce conflicts.


71 terminals, 32 nonterminals
116 grammar rules, 184 states
